<?xml version="1.0" encoding="UTF-8"?>
<!-- Generated by org.testng.reporters.JUnitReportReporter -->
<testsuite skipped="0" hostname="HOME-PC" name="data.ReadExcel" tests="1" failures="0" timestamp="30 Jun 2018 04:23:07 GMT" time="1.616" errors="0">
  <testcase name="readExcel" time="1.616" classname="data.ReadExcel"/>
</testsuite> <!-- data.ReadExcel -->
