<?xml version="1.0" encoding="UTF-8"?>
<!-- Generated by org.testng.reporters.JUnitReportReporter -->
<testsuite skipped="0" hostname="chrisinigo-PC" name="tests.EditLead" tests="1" failures="0" timestamp="30 Jun 2018 17:19:15 GMT" time="48.192" errors="0">
  <testcase name="editLead" time="48.192" classname="tests.EditLead"/>
</testsuite> <!-- tests.EditLead -->
